<?xml version="1.0" encoding="UTF-8"?>
<testng-results skipped="0" failed="0" ignored="0" total="2" passed="2">
  <reporter-output>
  </reporter-output>
  <suite name="tests.TestsExamples" duration-ms="6765" started-at="2021-01-23T09:55:39 GMT-03:00" finished-at="2021-01-23T09:55:46 GMT-03:00">
    <groups>
    </groups>
    <test name="Command line test" duration-ms="6765" started-at="2021-01-23T09:55:39 GMT-03:00" finished-at="2021-01-23T09:55:46 GMT-03:00">
      <class name="tests.TestsExamples">
        <test-method status="PASS" signature="test_1()[pri:0, instance:tests.TestsExamples@4b9e13df]" name="test_1" duration-ms="6378" started-at="2021-01-23T09:55:39 GMT-03:00" finished-at="2021-01-23T09:55:46 GMT-03:00">
          <reporter-output>
          </reporter-output>
        </test-method> <!-- test_1 -->
        <test-method status="PASS" signature="test_2()[pri:0, instance:tests.TestsExamples@4b9e13df]" name="test_2" duration-ms="307" started-at="2021-01-23T09:55:46 GMT-03:00" finished-at="2021-01-23T09:55:46 GMT-03:00">
          <reporter-output>
          </reporter-output>
        </test-method> <!-- test_2 -->
      </class> <!-- tests.TestsExamples -->
    </test> <!-- Command line test -->
  </suite> <!-- tests.TestsExamples -->
</testng-results>
