<?xml version="1.0" encoding="UTF-8"?>
<testng-results skipped="0" failed="0" total="1" passed="1">
  <reporter-output>
  </reporter-output>
  <suite name="Default suite" duration-ms="3546" started-at="2021-02-13T21:59:50Z" finished-at="2021-02-13T21:59:53Z">
    <groups>
    </groups>
    <test name="Default test" duration-ms="3546" started-at="2021-02-13T21:59:50Z" finished-at="2021-02-13T21:59:53Z">
      <class name="tests.TestXMLSchemaValidator">
        <test-method status="PASS" signature="schemaValidator()[pri:0, instance:tests.TestXMLSchemaValidator@ae45eb6]" name="schemaValidator" duration-ms="3528" started-at="2021-02-13T18:59:50Z" finished-at="2021-02-13T18:59:53Z">
          <reporter-output>
          </reporter-output>
        </test-method> <!-- schemaValidator -->
      </class> <!-- tests.TestXMLSchemaValidator -->
    </test> <!-- Default test -->
  </suite> <!-- Default suite -->
</testng-results>
