<?xml version="1.0" encoding="UTF-8"?>
<!-- Generated by org.testng.reporters.JUnitXMLReporter -->
<testsuite hostname="BR-00000296" name="Default test" tests="12" failures="0" timestamp="13 Feb 2021 22:44:19 GMT" time="8.175" errors="0">
  <testcase name="testGet" time="1.611" classname="tests.TestJSONSchemaValidator"/>
  <testcase name="test_1" time="0.136" classname="tests.TestsExamples"/>
  <testcase name="test_2" time="0.119" classname="tests.TestsExamples"/>
  <testcase name="testDelete" time="0.468" classname="tests.PutPatchAndDeleteExamples"/>
  <testcase name="testPatch" time="0.483" classname="tests.PutPatchAndDeleteExamples"/>
  <testcase name="testPut" time="0.485" classname="tests.PutPatchAndDeleteExamples"/>
  <testcase name="validateSoapXML" time="1.093" classname="tests.TestsSoapXMLRequest"/>
  <testcase name="delete" time="0.017" classname="tests.TestsLocalAPI"/>
  <testcase name="post" time="0.019" classname="tests.TestsLocalAPI"/>
  <testcase name="testGet" time="0.128" classname="tests.GetAndPostExamples"/>
  <testcase name="testPost" time="0.472" classname="tests.GetAndPostExamples"/>
  <testcase name="schemaValidator" time="0.584" classname="tests.TestXMLSchemaValidator"/>
</testsuite> <!-- Default test -->
